combined 
combined 
combined 
combined 
::ffff:127.0.0.1 - - [07/May/2024:02:22:43 +0000] "GET / HTTP/1.1" 304 - "-" "Mozilla/5.0 (Windows NT 10.0; Win64; x64; rv:125.0) Gecko/20100101 Firefox/125.0"
::ffff:127.0.0.1 - - [07/May/2024:02:22:43 +0000] "GET /favicon.ico HTTP/1.1" 404 150 "http://127.0.0.1:8080/" "Mozilla/5.0 (Windows NT 10.0; Win64; x64; rv:125.0) Gecko/20100101 Firefox/125.0"
combined 
combined 
::ffff:127.0.0.1 - - [07/May/2024:02:23:17 +0000] "GET / HTTP/1.1" 304 - "-" "Mozilla/5.0 (Windows NT 10.0; Win64; x64; rv:125.0) Gecko/20100101 Firefox/125.0"
::ffff:127.0.0.1 - - [07/May/2024:02:23:17 +0000] "GET /favicon.ico HTTP/1.1" 404 150 "http://127.0.0.1:8080/" "Mozilla/5.0 (Windows NT 10.0; Win64; x64; rv:125.0) Gecko/20100101 Firefox/125.0"
::1 - - [07/May/2024:02:36:25 +0000] "GET /api/users HTTP/1.1" 200 36 "-" "PostmanRuntime/7.38.0"
::1 - - [07/May/2024:02:42:50 +0000] "POST /api/users HTTP/1.1" 201 312 "-" "PostmanRuntime/7.38.0"
::1 - - [07/May/2024:02:44:10 +0000] "GET /api/users HTTP/1.1" 200 324 "-" "PostmanRuntime/7.38.0"
::1 - - [07/May/2024:02:45:23 +0000] "GET /api/users/6639952a990f226faa164120 HTTP/1.1" 200 312 "-" "PostmanRuntime/7.38.0"
::1 - - [07/May/2024:02:45:38 +0000] "POST /api/users HTTP/1.1" 201 312 "-" "PostmanRuntime/7.38.0"
::1 - - [07/May/2024:02:45:44 +0000] "GET /api/users/6639952a990f226faa164120 HTTP/1.1" 200 312 "-" "PostmanRuntime/7.38.0"
::1 - - [07/May/2024:02:45:54 +0000] "GET /api/users HTTP/1.1" 200 613 "-" "PostmanRuntime/7.38.0"
::1 - - [07/May/2024:02:47:13 +0000] "PUT /api/users/6639952a990f226faa164120 HTTP/1.1" 202 312 "-" "PostmanRuntime/7.38.0"
::1 - - [07/May/2024:02:47:23 +0000] "GET /api/users HTTP/1.1" 200 613 "-" "PostmanRuntime/7.38.0"
::1 - - [07/May/2024:02:48:28 +0000] "DELETE /api/users/6639952a990f226faa164120 HTTP/1.1" 204 - "-" "PostmanRuntime/7.38.0"
::1 - - [07/May/2024:02:48:36 +0000] "GET /api/users HTTP/1.1" 200 324 "-" "PostmanRuntime/7.38.0"
::1 - - [07/May/2024:02:49:54 +0000] "POST /api/users HTTP/1.1" 201 312 "-" "PostmanRuntime/7.38.0"
::1 - - [07/May/2024:02:49:57 +0000] "GET /api/users HTTP/1.1" 200 613 "-" "PostmanRuntime/7.38.0"
::1 - - [07/May/2024:14:57:22 +0000] "GET /api/users HTTP/1.1" 200 613 "-" "PostmanRuntime/7.38.0"
::1 - - [07/May/2024:14:58:42 +0000] "GET /api/users HTTP/1.1" 200 613 "-" "PostmanRuntime/7.38.0"
::1 - - [07/May/2024:14:58:47 +0000] "GET /api/users HTTP/1.1" 200 613 "-" "PostmanRuntime/7.38.0"
::1 - - [07/May/2024:14:58:54 +0000] "GET /api/users HTTP/1.1" 200 613 "-" "PostmanRuntime/7.38.0"
::1 - - [07/May/2024:15:01:34 +0000] "POST /api/auth/login HTTP/1.1" 404 154 "-" "PostmanRuntime/7.38.0"
::1 - - [07/May/2024:15:03:19 +0000] "POST /api/auth/login HTTP/1.1" 500 869 "-" "PostmanRuntime/7.38.0"
::1 - - [07/May/2024:15:04:38 +0000] "POST /api/auth/login HTTP/1.1" 401 1491 "-" "PostmanRuntime/7.38.0"
::1 - - [07/May/2024:15:05:22 +0000] "POST /api/auth/login HTTP/1.1" 401 216 "-" "PostmanRuntime/7.38.0"
::1 - - [07/May/2024:15:05:53 +0000] "POST /api/auth/login HTTP/1.1" 200 203 "-" "PostmanRuntime/7.38.0"
::ffff:192.168.1.1 - - [07/May/2024:16:39:54 +0000] "GET / HTTP/1.1" 200 59 "-" "-"
::1 - - [07/May/2024:17:16:48 +0000] "GET /api/users HTTP/1.1" 500 1321 "-" "PostmanRuntime/7.38.0"
::1 - - [07/May/2024:17:17:16 +0000] "POST /api/auth/login HTTP/1.1" 500 1276 "-" "PostmanRuntime/7.38.0"
::1 - - [07/May/2024:17:17:32 +0000] "POST /api/auth/login HTTP/1.1" 500 1276 "-" "PostmanRuntime/7.38.0"
::1 - - [07/May/2024:17:17:43 +0000] "POST /api/auth/login HTTP/1.1" 500 1321 "-" "PostmanRuntime/7.38.0"
::1 - - [07/May/2024:17:18:08 +0000] "POST /api/auth/login HTTP/1.1" 500 1321 "-" "PostmanRuntime/7.38.0"
::1 - - [07/May/2024:17:18:40 +0000] "POST /api/auth/login HTTP/1.1" 500 1321 "-" "PostmanRuntime/7.38.0"
::1 - - [07/May/2024:17:20:21 +0000] "POST /api/auth/login HTTP/1.1" 500 1321 "-" "PostmanRuntime/7.38.0"
::1 - - [07/May/2024:17:20:40 +0000] "POST /api/auth/login HTTP/1.1" 500 1321 "-" "PostmanRuntime/7.38.0"
::1 - - [07/May/2024:17:21:25 +0000] "POST /api/auth/login HTTP/1.1" 500 1321 "-" "PostmanRuntime/7.38.0"
::1 - - [07/May/2024:17:22:47 +0000] "POST /api/auth/login HTTP/1.1" 500 1321 "-" "PostmanRuntime/7.38.0"
::1 - - [07/May/2024:17:22:56 +0000] "POST /api/auth/login HTTP/1.1" 200 203 "-" "PostmanRuntime/7.38.0"
::1 - - [07/May/2024:17:23:47 +0000] "GET /api/users HTTP/1.1" 200 613 "-" "PostmanRuntime/7.38.0"
::1 - - [07/May/2024:17:24:19 +0000] "GET /api/users HTTP/1.1" 200 613 "-" "PostmanRuntime/7.38.0"
::1 - - [07/May/2024:17:28:42 +0000] "GET /api/users HTTP/1.1" - - "-" "PostmanRuntime/7.38.0"
::1 - - [07/May/2024:17:35:56 +0000] "GET /api/users HTTP/1.1" 200 613 "-" "PostmanRuntime/7.38.0"
::1 - - [07/May/2024:17:48:16 +0000] "POST /api/auth/login HTTP/1.1" 500 1321 "-" "PostmanRuntime/7.38.0"
::1 - - [07/May/2024:17:48:32 +0000] "POST /api/auth/login HTTP/1.1" 500 1321 "-" "PostmanRuntime/7.38.0"
::1 - - [07/May/2024:17:52:44 +0000] "POST /api/auth/login HTTP/1.1" 200 203 "-" "PostmanRuntime/7.38.0"
::1 - - [07/May/2024:17:52:52 +0000] "POST /api/auth/login HTTP/1.1" 200 203 "-" "PostmanRuntime/7.38.0"
::1 - - [07/May/2024:17:53:13 +0000] "GET /api/users HTTP/1.1" 500 1276 "-" "PostmanRuntime/7.38.0"
::1 - - [07/May/2024:17:53:29 +0000] "GET /api/users HTTP/1.1" 200 613 "-" "PostmanRuntime/7.38.0"
::1 - - [07/May/2024:18:02:09 +0000] "GET /api/users HTTP/1.1" 200 613 "-" "PostmanRuntime/7.38.0"
::1 - - [07/May/2024:18:02:15 +0000] "GET /api/users HTTP/1.1" 500 1321 "-" "PostmanRuntime/7.38.0"
::1 - - [07/May/2024:18:02:19 +0000] "GET /api/users HTTP/1.1" 200 613 "-" "PostmanRuntime/7.38.0"
::1 - - [07/May/2024:18:36:39 +0000] "POST /api/auth/login HTTP/1.1" 200 203 "-" "PostmanRuntime/7.38.0"
::1 - - [07/May/2024:18:36:52 +0000] "GET /api/users HTTP/1.1" 500 1320 "-" "PostmanRuntime/7.38.0"
::1 - - [07/May/2024:18:42:09 +0000] "POST /api/users HTTP/1.1" 500 1320 "-" "PostmanRuntime/7.38.0"
::1 - - [07/May/2024:18:42:25 +0000] "POST /api/auth/login HTTP/1.1" 200 203 "-" "PostmanRuntime/7.38.0"
::1 - - [07/May/2024:18:42:53 +0000] "POST /api/users HTTP/1.1" 403 1455 "-" "PostmanRuntime/7.38.0"
::1 - - [07/May/2024:18:43:20 +0000] "GET /api/users HTTP/1.1" 403 1455 "-" "PostmanRuntime/7.38.0"
::1 - - [07/May/2024:18:43:44 +0000] "GET /api/users/6639952a990f226faa164120 HTTP/1.1" 500 1320 "-" "PostmanRuntime/7.38.0"
::1 - - [07/May/2024:18:43:53 +0000] "GET /api/users/6639952a990f226faa164120 HTTP/1.1" 403 1455 "-" "PostmanRuntime/7.38.0"
::1 - - [07/May/2024:18:46:54 +0000] "POST /api/auth/login HTTP/1.1" 200 203 "-" "PostmanRuntime/7.38.0"
::1 - - [07/May/2024:18:47:04 +0000] "GET /api/users HTTP/1.1" 403 1455 "-" "PostmanRuntime/7.38.0"
::1 - - [07/May/2024:18:47:10 +0000] "GET /api/users HTTP/1.1" 403 1455 "-" "PostmanRuntime/7.38.0"
::1 - - [07/May/2024:18:47:39 +0000] "POST /api/users HTTP/1.1" 403 1455 "-" "PostmanRuntime/7.38.0"
::1 - - [07/May/2024:18:50:30 +0000] "POST /api/users HTTP/1.1" 500 694 "-" "PostmanRuntime/7.38.0"
::1 - - [07/May/2024:18:50:47 +0000] "POST /api/users HTTP/1.1" 201 312 "-" "PostmanRuntime/7.38.0"
::1 - - [07/May/2024:18:51:23 +0000] "GET /api/users HTTP/1.1" 200 1189 "-" "PostmanRuntime/7.38.0"
